16:50:51.506 INFO - Launching a standalone Selenium Server
Setting system property webdriver.chrome.driver to ./node_modules/selenium-standalone/.selenium/chromedriver/2.22-x64-chromedriver
16:50:51.536 INFO - Java: Oracle Corporation 25.71-b15
16:50:51.536 INFO - OS: Mac OS X 10.11.3 x86_64
16:50:51.546 INFO - v2.53.1, with Core v2.53.1. Built from revision a36b8b1
16:50:51.603 INFO - Driver provider org.openqa.selenium.ie.InternetExplorerDriver registration is skipped:
registration capabilities Capabilities [{ensureCleanSession=true, browserName=internet explorer, version=, platform=WINDOWS}] does not match the current platform MAC
16:50:51.603 INFO - Driver provider org.openqa.selenium.edge.EdgeDriver registration is skipped:
registration capabilities Capabilities [{browserName=MicrosoftEdge, version=, platform=WINDOWS}] does not match the current platform MAC
16:50:51.603 INFO - Driver class not found: com.opera.core.systems.OperaDriver
16:50:51.603 INFO - Driver provider com.opera.core.systems.OperaDriver is not registered
16:50:51.605 INFO - Driver class not found: org.openqa.selenium.htmlunit.HtmlUnitDriver
16:50:51.605 INFO - Driver provider org.openqa.selenium.htmlunit.HtmlUnitDriver is not registered
16:50:51.659 INFO - RemoteWebDriver instances should connect to: http://127.0.0.1:4444/wd/hub
16:50:51.659 INFO - Selenium Server is up and running
16:50:52.058 INFO - Executing: [new session: Capabilities [{acceptSslCerts=true, name=Pre Auth Send Forgot, browserName=chrome, javascriptEnabled=true, platform=ANY}]])
16:50:52.065 INFO - Creating a new session for Capabilities [{acceptSslCerts=true, name=Pre Auth Send Forgot, browserName=chrome, javascriptEnabled=true, platform=ANY}]
Starting ChromeDriver 2.22.397929 (fb72fb249a903a0b1041ea71eb4c8b3fa0d9be5a) on port 21210
Only local connections are allowed.
16:50:52.909 INFO - Done: [new session: Capabilities [{acceptSslCerts=true, name=Pre Auth Send Forgot, browserName=chrome, javascriptEnabled=true, platform=ANY}]]
16:50:52.921 INFO - Executing: [get: https://project-7614141605200030275.firebaseapp.com])
16:50:53.857 INFO - Done: [get: https://project-7614141605200030275.firebaseapp.com]
16:50:53.868 INFO - Executing: [find elements: By.cssSelector: body])
16:50:53.900 INFO - Done: [find elements: By.cssSelector: body]
16:50:53.904 INFO - Executing: [is displayed: 0 [[ChromeDriver: chrome on MAC (df7162ef7d040984b9269c86b6b25a2b)] -> css selector: body]])
16:50:53.919 INFO - Done: [is displayed: 0 [[ChromeDriver: chrome on MAC (df7162ef7d040984b9269c86b6b25a2b)] -> css selector: body]]
16:50:53.924 INFO - Executing: [find element: By.cssSelector: div.header-writing.login])
16:50:53.939 INFO - Done: [find element: By.cssSelector: div.header-writing.login]
16:50:53.942 INFO - Executing: [click: 1 [[ChromeDriver: chrome on MAC (df7162ef7d040984b9269c86b6b25a2b)] -> css selector: div.header-writing.login]])
16:50:53.985 INFO - Done: [click: 1 [[ChromeDriver: chrome on MAC (df7162ef7d040984b9269c86b6b25a2b)] -> css selector: div.header-writing.login]]
16:50:54.293 INFO - Executing: [find element: By.cssSelector: li.solo-links.center])
16:50:54.313 INFO - Done: [find element: By.cssSelector: li.solo-links.center]
16:50:54.316 INFO - Executing: [click: 2 [[ChromeDriver: chrome on MAC (df7162ef7d040984b9269c86b6b25a2b)] -> css selector: li.solo-links.center]])
16:50:54.359 INFO - Done: [click: 2 [[ChromeDriver: chrome on MAC (df7162ef7d040984b9269c86b6b25a2b)] -> css selector: li.solo-links.center]]
16:50:54.369 INFO - Executing: [find elements: By.cssSelector: body])
16:50:54.376 INFO - Done: [find elements: By.cssSelector: body]
16:50:54.378 INFO - Executing: [is displayed: 0 [[ChromeDriver: chrome on MAC (df7162ef7d040984b9269c86b6b25a2b)] -> css selector: body]])
16:50:54.384 INFO - Done: [is displayed: 0 [[ChromeDriver: chrome on MAC (df7162ef7d040984b9269c86b6b25a2b)] -> css selector: body]]
16:50:54.387 INFO - Executing: [find element: By.cssSelector: #forgot-email])
16:50:54.401 INFO - Done: [find element: By.cssSelector: #forgot-email]
16:50:54.404 INFO - Executing: [send keys: 3 [[ChromeDriver: chrome on MAC (df7162ef7d040984b9269c86b6b25a2b)] -> css selector: #forgot-email], [t, e, s, t, @, t, e, k, u, m, a, ., i, o]])
16:50:54.468 INFO - Done: [send keys: 3 [[ChromeDriver: chrome on MAC (df7162ef7d040984b9269c86b6b25a2b)] -> css selector: #forgot-email], [t, e, s, t, @, t, e, k, u, m, a, ., i, o]]
16:50:54.471 INFO - Executing: [find element: By.cssSelector: button.signup-button.forgot])
16:50:54.485 INFO - Done: [find element: By.cssSelector: button.signup-button.forgot]
16:50:54.487 INFO - Executing: [click: 4 [[ChromeDriver: chrome on MAC (df7162ef7d040984b9269c86b6b25a2b)] -> css selector: button.signup-button.forgot]])
16:50:54.520 INFO - Done: [click: 4 [[ChromeDriver: chrome on MAC (df7162ef7d040984b9269c86b6b25a2b)] -> css selector: button.signup-button.forgot]]
16:50:54.523 INFO - Executing: [find elements: By.cssSelector: div.registration-error span])
16:50:54.539 INFO - Done: [find elements: By.cssSelector: div.registration-error span]
16:50:54.540 INFO - Executing: [is displayed: 5 [[ChromeDriver: chrome on MAC (df7162ef7d040984b9269c86b6b25a2b)] -> css selector: div.registration-error span]])
16:50:54.551 INFO - Done: [is displayed: 5 [[ChromeDriver: chrome on MAC (df7162ef7d040984b9269c86b6b25a2b)] -> css selector: div.registration-error span]]
16:50:55.056 INFO - Executing: [is displayed: 5 [[ChromeDriver: chrome on MAC (df7162ef7d040984b9269c86b6b25a2b)] -> css selector: div.registration-error span]])
16:50:55.063 INFO - Done: [is displayed: 5 [[ChromeDriver: chrome on MAC (df7162ef7d040984b9269c86b6b25a2b)] -> css selector: div.registration-error span]]
16:50:55.569 INFO - Executing: [is displayed: 5 [[ChromeDriver: chrome on MAC (df7162ef7d040984b9269c86b6b25a2b)] -> css selector: div.registration-error span]])
16:50:55.576 INFO - Done: [is displayed: 5 [[ChromeDriver: chrome on MAC (df7162ef7d040984b9269c86b6b25a2b)] -> css selector: div.registration-error span]]
16:50:55.582 INFO - Executing: [delete session: 5dade839-9732-4f01-b84e-11e233754d5c])
16:50:55.653 INFO - Done: [delete session: 5dade839-9732-4f01-b84e-11e233754d5c]
